2026-02-10 18:43:21,351 - INFO - GET /health - 200 - 0ms
2026-02-10 18:44:30,930 - INFO - GET /health - 200 - 0ms
2026-02-10 18:47:42,767 - INFO - POST /api/v2/predict - 200 - 11ms
2026-02-10 18:47:45,929 - INFO - POST /api/v2/predict - 200 - 10ms
2026-02-10 18:50:31,059 - INFO - POST /api/v2/predict - 200 - 6ms
2026-02-10 19:25:25,301 - INFO - OPTIONS /api/v2/transactions/filter - 200 - 10ms
2026-02-10 19:25:25,345 - INFO - POST /api/v2/transactions/filter - 404 - 23ms
2026-02-10 19:25:26,371 - INFO - POST /api/v2/transactions/filter - 404 - 1ms
2026-02-10 19:25:28,392 - INFO - POST /api/v2/transactions/filter - 404 - 0ms
2026-02-10 19:26:14,173 - INFO - POST /api/v2/transactions/filter - 404 - 0ms
2026-02-10 19:34:19,951 - INFO - POST /api/v2/transactions/filter - 404 - 5ms
2026-02-10 19:34:20,996 - INFO - POST /api/v2/transactions/filter - 404 - 1ms
2026-02-10 19:34:23,073 - INFO - POST /api/v2/transactions/filter - 404 - 1ms
2026-02-10 19:34:27,109 - INFO - POST /api/v2/transactions/filter - 404 - 1ms
2026-02-10 19:34:35,601 - INFO - POST /api/v2/transactions/filter - 404 - 0ms
2026-02-10 19:34:36,623 - INFO - POST /api/v2/transactions/filter - 404 - 1ms
2026-02-10 19:34:38,660 - INFO - POST /api/v2/transactions/filter - 404 - 2ms
2026-02-10 19:34:42,700 - INFO - POST /api/v2/transactions/filter - 404 - 0ms
2026-02-10 19:38:55,562 - INFO - OPTIONS /api/v2/transactions/filter - 200 - 3ms
2026-02-10 19:38:55,580 - INFO - POST /api/v2/transactions/filter - 404 - 3ms
2026-02-10 19:38:56,624 - INFO - POST /api/v2/transactions/filter - 404 - 5ms
2026-02-10 19:39:05,556 - INFO - POST /api/v2/transactions/filter - 404 - 3ms
2026-02-10 19:39:06,592 - INFO - POST /api/v2/transactions/filter - 404 - 1ms
2026-02-10 20:37:38,538 - INFO - OPTIONS /api/predict - 200 - 4ms
2026-02-10 20:37:38,547 - INFO - OPTIONS /api/predict - 200 - 12ms
2026-02-10 20:37:38,573 - INFO - POST /api/predict - 404 - 15ms
2026-02-10 20:37:38,613 - INFO - POST /api/predict - 404 - 41ms
